The system is: Windows - 10.0.19042 - AMD64
Compiling the C compiler identification source file "CMakeCCompilerId.c" succeeded.
Compiler: D:/mingw64/bin/gcc.exe 
Build flags: 
Id flags: 

The output was:
0


Compilation of the C compiler identification source "CMakeCCompilerId.c" produced "a.exe"

The C compiler identification is GNU, found in "c:/Users/93462/Desktop/workspace/C++/ntestOne/build/CMakeFiles/3.7.2/CompilerIdC/a.exe"

Compiling the CXX compiler identification source file "CMakeCXXCompilerId.cpp" succeeded.
Compiler: D:/mingw64/bin/g++.exe 
Build flags: 
Id flags: 

The output was:
0


Compilation of the CXX compiler identification source "CMakeCXXCompilerId.cpp" produced "a.exe"

The CXX compiler identification is GNU, found in "c:/Users/93462/Desktop/workspace/C++/ntestOne/build/CMakeFiles/3.7.2/CompilerIdCXX/a.exe"

Determining if the C compiler works passed with the following output:
Change Dir: c:/Users/93462/Desktop/workspace/C++/ntestOne/build/CMakeFiles/CMakeTmp

Run Build Command:"D:/mingw64/bin/mingw32-make.exe" "cmTC_45714/fast"
D:/mingw64/bin/mingw32-make.exe -f CMakeFiles\cmTC_45714.dir\build.make CMakeFiles/cmTC_45714.dir/build
mingw32-make.exe[1]: Entering directory 'c:/Users/93462/Desktop/workspace/C++/ntestOne/build/CMakeFiles/CMakeTmp'
Building C object CMakeFiles/cmTC_45714.dir/testCCompiler.c.obj
cd /d C:\Users\93462\Desktop\workspace\C++\ntestOne\build\CMakeFiles\CMakeTmp && D:\mingw64\bin\gcc.exe     -o CMakeFiles\cmTC_45714.dir\testCCompiler.c.obj   -c C:\Users\93462\Desktop\workspace\C++\ntestOne\build\CMakeFiles\CMakeTmp\testCCompiler.c
Linking C executable cmTC_45714.exe
cd /d C:\Users\93462\Desktop\workspace\C++\ntestOne\build\CMakeFiles\CMakeTmp && "D:\program files\CMake\bin\cmake.exe" -E cmake_link_script CMakeFiles\cmTC_45714.dir\link.txt --verbose=1
"D:\program files\CMake\bin\cmake.exe" -E remove -f CMakeFiles\cmTC_45714.dir/objects.a
D:\mingw64\bin\ar.exe cr CMakeFiles\cmTC_45714.dir/objects.a @CMakeFiles\cmTC_45714.dir\objects1.rsp
D:\mingw64\bin\gcc.exe       -Wl,--whole-archive CMakeFiles\cmTC_45714.dir/objects.a -Wl,--no-whole-archive  -o cmTC_45714.exe -Wl,--out-implib,libcmTC_45714.dll.a -Wl,--major-image-version,0,--minor-image-version,0 @CMakeFiles\cmTC_45714.dir\linklibs.rsp
mingw32-make.exe[1]: Leaving directory 'c:/Users/93462/Desktop/workspace/C++/ntestOne/build/CMakeFiles/CMakeTmp'


Detecting C compiler ABI info compiled with the following output:
Change Dir: c:/Users/93462/Desktop/workspace/C++/ntestOne/build/CMakeFiles/CMakeTmp

Run Build Command:"D:/mingw64/bin/mingw32-make.exe" "cmTC_b7493/fast"
D:/mingw64/bin/mingw32-make.exe -f CMakeFiles\cmTC_b7493.dir\build.make CMakeFiles/cmTC_b7493.dir/build
mingw32-make.exe[1]: Entering directory 'c:/Users/93462/Desktop/workspace/C++/ntestOne/build/CMakeFiles/CMakeTmp'
Building C object CMakeFiles/cmTC_b7493.dir/CMakeCCompilerABI.c.obj
cd /d C:\Users\93462\Desktop\workspace\C++\ntestOne\build\CMakeFiles\CMakeTmp && D:\mingw64\bin\gcc.exe     -o CMakeFiles\cmTC_b7493.dir\CMakeCCompilerABI.c.obj   -c "D:\program files\CMake\share\cmake-3.7\Modules\CMakeCCompilerABI.c"
Linking C executable cmTC_b7493.exe
cd /d C:\Users\93462\Desktop\workspace\C++\ntestOne\build\CMakeFiles\CMakeTmp && "D:\program files\CMake\bin\cmake.exe" -E cmake_link_script CMakeFiles\cmTC_b7493.dir\link.txt --verbose=1
"D:\program files\CMake\bin\cmake.exe" -E remove -f CMakeFiles\cmTC_b7493.dir/objects.a
D:\mingw64\bin\ar.exe cr CMakeFiles\cmTC_b7493.dir/objects.a @CMakeFiles\cmTC_b7493.dir\objects1.rsp
D:\mingw64\bin\gcc.exe      -v -Wl,--whole-archive CMakeFiles\cmTC_b7493.dir/objects.a -Wl,--no-whole-archive  -o cmTC_b7493.exe -Wl,--out-implib,libcmTC_b7493.dll.a -Wl,--major-image-version,0,--minor-image-version,0   
Using built-in specs.
COLLECT_GCC=D:\mingw64\bin\gcc.exe
COLLECT_LTO_WRAPPER=D:/mingw64/bin/../libexec/gcc/x86_64-w64-mingw32/8.1.0/lto-wrapper.exe
Target: x86_64-w64-mingw32
Configured with: ../../../src/gcc-8.1.0/configure --host=x86_64-w64-mingw32 --build=x86_64-w64-mingw32 --target=x86_64-w64-mingw32 --prefix=/mingw64 --with-sysroot=/c/mingw810/x86_64-810-posix-sjlj-rt_v6-rev0/mingw64 --enable-shared --enable-static --enable-targets=all --enable-multilib --enable-languages=c,c++,fortran,lto --enable-libstdcxx-time=yes --enable-threads=posix --enable-libgomp --enable-libatomic --enable-lto --enable-graphite --enable-checking=release --enable-fully-dynamic-string --enable-version-specific-runtime-libs --enable-sjlj-exceptions --disable-libstdcxx-pch --disable-libstdcxx-debug --enable-bootstrap --disable-rpath --disable-win32-registry --disable-nls --disable-werror --disable-symvers --with-gnu-as --with-gnu-ld --with-arch-32=i686 --with-arch-64=nocona --with-tune-32=generic --with-tune-64=core2 --with-libiconv --with-system-zlib --with-gmp=/c/mingw810/prerequisites/x86_64-w64-mingw32-static --with-mpfr=/c/mingw810/prerequisites/x86_64-w64-mingw32-static --with-mpc=/c/mingw810/prerequisites/x86_64-w64-mingw32-static --with-isl=/c/mingw810/prerequisites/x86_64-w64-mingw32-static --with-pkgversion='x86_64-posix-sjlj-rev0, Built by MinGW-W64 project' --with-bugurl=https://sourceforge.net/projects/mingw-w64 CFLAGS='-O2 -pipe -fno-ident -I/c/mingw810/x86_64-810-posix-sjlj-rt_v6-rev0/mingw64/opt/include -I/c/mingw810/prerequisites/x86_64-zlib-static/include -I/c/mingw810/prerequisites/x86_64-w64-mingw32-static/include' CXXFLAGS='-O2 -pipe -fno-ident -I/c/mingw810/x86_64-810-posix-sjlj-rt_v6-rev0/mingw64/opt/include -I/c/mingw810/prerequisites/x86_64-zlib-static/include -I/c/mingw810/prerequisites/x86_64-w64-mingw32-static/include' CPPFLAGS=' -I/c/mingw810/x86_64-810-posix-sjlj-rt_v6-rev0/mingw64/opt/include -I/c/mingw810/prerequisites/x86_64-zlib-static/include -I/c/mingw810/prerequisites/x86_64-w64-mingw32-static/include' LDFLAGS='-pipe -fno-ident -L/c/mingw810/x86_64-810-posix-sjlj-rt_v6-rev0/mingw64/opt/lib -L/c/mingw810/prerequisites/x86_64-zlib-static/lib -L/c/mingw810/prerequisites/x86_64-w64-mingw32-static/lib '
Thread model: posix
gcc version 8.1.0 (x86_64-posix-sjlj-rev0, Built by MinGW-W64 project) 
COMPILER_PATH=D:/mingw64/bin/../libexec/gcc/x86_64-w64-mingw32/8.1.0/;D:/mingw64/bin/../libexec/gcc/;D:/mingw64/bin/../lib/gcc/x86_64-w64-mingw32/8.1.0/../../../../x86_64-w64-mingw32/bin/
LIBRARY_PATH=D:/mingw64/bin/../lib/gcc/x86_64-w64-mingw32/8.1.0/;D:/mingw64/bin/../lib/gcc/;D:/mingw64/bin/../lib/gcc/x86_64-w64-mingw32/8.1.0/../../../../x86_64-w64-mingw32/lib/../lib/;D:/mingw64/bin/../lib/gcc/x86_64-w64-mingw32/8.1.0/../../../../lib/;D:/mingw64/bin/../lib/gcc/x86_64-w64-mingw32/8.1.0/../../../../x86_64-w64-mingw32/lib/;D:/mingw64/bin/../lib/gcc/x86_64-w64-mingw32/8.1.0/../../../
COLLECT_GCC_OPTIONS='-v' '-o' 'cmTC_b7493.exe' '-mtune=core2' '-march=nocona'
 D:/mingw64/bin/../libexec/gcc/x86_64-w64-mingw32/8.1.0/collect2.exe -plugin D:/mingw64/bin/../libexec/gcc/x86_64-w64-mingw32/8.1.0/liblto_plugin-0.dll -plugin-opt=D:/mingw64/bin/../libexec/gcc/x86_64-w64-mingw32/8.1.0/lto-wrapper.exe -plugin-opt=-fresolution=C:\Users\93462\AppData\Local\Temp\cctmirwa.res -plugin-opt=-pass-through=-lmingw32 -plugin-opt=-pass-through=-lgcc -plugin-opt=-pass-through=-lgcc_eh -plugin-opt=-pass-through=-lmoldname -plugin-opt=-pass-through=-lmingwex -plugin-opt=-pass-through=-lmsvcrt -plugin-opt=-pass-through=-lpthread -plugin-opt=-pass-through=-ladvapi32 -plugin-opt=-pass-through=-lshell32 -plugin-opt=-pass-through=-luser32 -plugin-opt=-pass-through=-lkernel32 -plugin-opt=-pass-through=-liconv -plugin-opt=-pass-through=-lmingw32 -plugin-opt=-pass-through=-lgcc -plugin-opt=-pass-through=-lgcc_eh -plugin-opt=-pass-through=-lmoldname -plugin-opt=-pass-through=-lmingwex -plugin-opt=-pass-through=-lmsvcrt --sysroot=C:/mingw810/x86_64-810-posix-sjlj-rt_v6-rev0/mingw64 -m i386pep -Bdynamic -o cmTC_b7493.exe D:/mingw64/bin/../lib/gcc/x86_64-w64-mingw32/8.1.0/../../../../x86_64-w64-mingw32/lib/../lib/crt2.o D:/mingw64/bin/../lib/gcc/x86_64-w64-mingw32/8.1.0/crtbegin.o -LD:/mingw64/bin/../lib/gcc/x86_64-w64-mingw32/8.1.0 -LD:/mingw64/bin/../lib/gcc -LD:/mingw64/bin/../lib/gcc/x86_64-w64-mingw32/8.1.0/../../../../x86_64-w64-mingw32/lib/../lib -LD:/mingw64/bin/../lib/gcc/x86_64-w64-mingw32/8.1.0/../../../../lib -LD:/mingw64/bin/../lib/gcc/x86_64-w64-mingw32/8.1.0/../../../../x86_64-w64-mingw32/lib -LD:/mingw64/bin/../lib/gcc/x86_64-w64-mingw32/8.1.0/../../.. --whole-archive CMakeFiles\cmTC_b7493.dir/objects.a --no-whole-archive --out-implib libcmTC_b7493.dll.a --major-image-version 0 --minor-image-version 0 -lmingw32 -lgcc -lgcc_eh -lmoldname -lmingwex -lmsvcrt -lpthread -ladvapi32 -lshell32 -luser32 -lkernel32 -liconv -lmingw32 -lgcc -lgcc_eh -lmoldname -lmingwex -lmsvcrt D:/mingw64/bin/../lib/gcc/x86_64-w64-mingw32/8.1.0/crtend.o
COLLECT_GCC_OPTIONS='-v' '-o' 'cmTC_b7493.exe' '-mtune=core2' '-march=nocona'
mingw32-make.exe[1]: Leaving directory 'c:/Users/93462/Desktop/workspace/C++/ntestOne/build/CMakeFiles/CMakeTmp'


Parsed C implicit link information from above output:
  link line regex: [^( *|.*[/\])(ld\.exe|([^/\]+-)?ld|collect2)[^/\]*( |$)]
  ignore line: [Change Dir: c:/Users/93462/Desktop/workspace/C++/ntestOne/build/CMakeFiles/CMakeTmp]
  ignore line: []
  ignore line: [Run Build Command:"D:/mingw64/bin/mingw32-make.exe" "cmTC_b7493/fast"]
  ignore line: [D:/mingw64/bin/mingw32-make.exe -f CMakeFiles\cmTC_b7493.dir\build.make CMakeFiles/cmTC_b7493.dir/build]
  ignore line: [mingw32-make.exe[1]: Entering directory 'c:/Users/93462/Desktop/workspace/C++/ntestOne/build/CMakeFiles/CMakeTmp']
  ignore line: [Building C object CMakeFiles/cmTC_b7493.dir/CMakeCCompilerABI.c.obj]
  ignore line: [cd /d C:\Users\93462\Desktop\workspace\C++\ntestOne\build\CMakeFiles\CMakeTmp && D:\mingw64\bin\gcc.exe     -o CMakeFiles\cmTC_b7493.dir\CMakeCCompilerABI.c.obj   -c "D:\program files\CMake\share\cmake-3.7\Modules\CMakeCCompilerABI.c"]
  ignore line: [Linking C executable cmTC_b7493.exe]
  ignore line: [cd /d C:\Users\93462\Desktop\workspace\C++\ntestOne\build\CMakeFiles\CMakeTmp && "D:\program files\CMake\bin\cmake.exe" -E cmake_link_script CMakeFiles\cmTC_b7493.dir\link.txt --verbose=1]
  ignore line: ["D:\program files\CMake\bin\cmake.exe" -E remove -f CMakeFiles\cmTC_b7493.dir/objects.a]
  ignore line: [D:\mingw64\bin\ar.exe cr CMakeFiles\cmTC_b7493.dir/objects.a @CMakeFiles\cmTC_b7493.dir\objects1.rsp]
  ignore line: [D:\mingw64\bin\gcc.exe      -v -Wl,--whole-archive CMakeFiles\cmTC_b7493.dir/objects.a -Wl,--no-whole-archive  -o cmTC_b7493.exe -Wl,--out-implib,libcmTC_b7493.dll.a -Wl,--major-image-version,0,--minor-image-version,0   ]
  ignore line: [Using built-in specs.]
  ignore line: [COLLECT_GCC=D:\mingw64\bin\gcc.exe]
  ignore line: [COLLECT_LTO_WRAPPER=D:/mingw64/bin/../libexec/gcc/x86_64-w64-mingw32/8.1.0/lto-wrapper.exe]
  ignore line: [Target: x86_64-w64-mingw32]
  ignore line: [Configured with: ../../../src/gcc-8.1.0/configure --host=x86_64-w64-mingw32 --build=x86_64-w64-mingw32 --target=x86_64-w64-mingw32 --prefix=/mingw64 --with-sysroot=/c/mingw810/x86_64-810-posix-sjlj-rt_v6-rev0/mingw64 --enable-shared --enable-static --enable-targets=all --enable-multilib --enable-languages=c,c++,fortran,lto --enable-libstdcxx-time=yes --enable-threads=posix --enable-libgomp --enable-libatomic --enable-lto --enable-graphite --enable-checking=release --enable-fully-dynamic-string --enable-version-specific-runtime-libs --enable-sjlj-exceptions --disable-libstdcxx-pch --disable-libstdcxx-debug --enable-bootstrap --disable-rpath --disable-win32-registry --disable-nls --disable-werror --disable-symvers --with-gnu-as --with-gnu-ld --with-arch-32=i686 --with-arch-64=nocona --with-tune-32=generic --with-tune-64=core2 --with-libiconv --with-system-zlib --with-gmp=/c/mingw810/prerequisites/x86_64-w64-mingw32-static --with-mpfr=/c/mingw810/prerequisites/x86_64-w64-mingw32-static --with-mpc=/c/mingw810/prerequisites/x86_64-w64-mingw32-static --with-isl=/c/mingw810/prerequisites/x86_64-w64-mingw32-static --with-pkgversion='x86_64-posix-sjlj-rev0, Built by MinGW-W64 project' --with-bugurl=https://sourceforge.net/projects/mingw-w64 CFLAGS='-O2 -pipe -fno-ident -I/c/mingw810/x86_64-810-posix-sjlj-rt_v6-rev0/mingw64/opt/include -I/c/mingw810/prerequisites/x86_64-zlib-static/include -I/c/mingw810/prerequisites/x86_64-w64-mingw32-static/include' CXXFLAGS='-O2 -pipe -fno-ident -I/c/mingw810/x86_64-810-posix-sjlj-rt_v6-rev0/mingw64/opt/include -I/c/mingw810/prerequisites/x86_64-zlib-static/include -I/c/mingw810/prerequisites/x86_64-w64-mingw32-static/include' CPPFLAGS=' -I/c/mingw810/x86_64-810-posix-sjlj-rt_v6-rev0/mingw64/opt/include -I/c/mingw810/prerequisites/x86_64-zlib-static/include -I/c/mingw810/prerequisites/x86_64-w64-mingw32-static/include' LDFLAGS='-pipe -fno-ident -L/c/mingw810/x86_64-810-posix-sjlj-rt_v6-rev0/mingw64/opt/lib -L/c/mingw810/prerequisites/x86_64-zlib-static/lib -L/c/mingw810/prerequisites/x86_64-w64-mingw32-static/lib ']
  ignore line: [Thread model: posix]
  ignore line: [gcc version 8.1.0 (x86_64-posix-sjlj-rev0, Built by MinGW-W64 project) ]
  ignore line: [COMPILER_PATH=D:/mingw64/bin/../libexec/gcc/x86_64-w64-mingw32/8.1.0/]
  ignore line: [D:/mingw64/bin/../libexec/gcc/]
  ignore line: [D:/mingw64/bin/../lib/gcc/x86_64-w64-mingw32/8.1.0/../../../../x86_64-w64-mingw32/bin/]
  ignore line: [LIBRARY_PATH=D:/mingw64/bin/../lib/gcc/x86_64-w64-mingw32/8.1.0/]
  ignore line: [D:/mingw64/bin/../lib/gcc/]
  ignore line: [D:/mingw64/bin/../lib/gcc/x86_64-w64-mingw32/8.1.0/../../../../x86_64-w64-mingw32/lib/../lib/]
  ignore line: [D:/mingw64/bin/../lib/gcc/x86_64-w64-mingw32/8.1.0/../../../../lib/]
  ignore line: [D:/mingw64/bin/../lib/gcc/x86_64-w64-mingw32/8.1.0/../../../../x86_64-w64-mingw32/lib/]
  ignore line: [D:/mingw64/bin/../lib/gcc/x86_64-w64-mingw32/8.1.0/../../../]
  ignore line: [COLLECT_GCC_OPTIONS='-v' '-o' 'cmTC_b7493.exe' '-mtune=core2' '-march=nocona']
  link line: [ D:/mingw64/bin/../libexec/gcc/x86_64-w64-mingw32/8.1.0/collect2.exe -plugin D:/mingw64/bin/../libexec/gcc/x86_64-w64-mingw32/8.1.0/liblto_plugin-0.dll -plugin-opt=D:/mingw64/bin/../libexec/gcc/x86_64-w64-mingw32/8.1.0/lto-wrapper.exe -plugin-opt=-fresolution=C:\Users\93462\AppData\Local\Temp\cctmirwa.res -plugin-opt=-pass-through=-lmingw32 -plugin-opt=-pass-through=-lgcc -plugin-opt=-pass-through=-lgcc_eh -plugin-opt=-pass-through=-lmoldname -plugin-opt=-pass-through=-lmingwex -plugin-opt=-pass-through=-lmsvcrt -plugin-opt=-pass-through=-lpthread -plugin-opt=-pass-through=-ladvapi32 -plugin-opt=-pass-through=-lshell32 -plugin-opt=-pass-through=-luser32 -plugin-opt=-pass-through=-lkernel32 -plugin-opt=-pass-through=-liconv -plugin-opt=-pass-through=-lmingw32 -plugin-opt=-pass-through=-lgcc -plugin-opt=-pass-through=-lgcc_eh -plugin-opt=-pass-through=-lmoldname -plugin-opt=-pass-through=-lmingwex -plugin-opt=-pass-through=-lmsvcrt --sysroot=C:/mingw810/x86_64-810-posix-sjlj-rt_v6-rev0/mingw64 -m i386pep -Bdynamic -o cmTC_b7493.exe D:/mingw64/bin/../lib/gcc/x86_64-w64-mingw32/8.1.0/../../../../x86_64-w64-mingw32/lib/../lib/crt2.o D:/mingw64/bin/../lib/gcc/x86_64-w64-mingw32/8.1.0/crtbegin.o -LD:/mingw64/bin/../lib/gcc/x86_64-w64-mingw32/8.1.0 -LD:/mingw64/bin/../lib/gcc -LD:/mingw64/bin/../lib/gcc/x86_64-w64-mingw32/8.1.0/../../../../x86_64-w64-mingw32/lib/../lib -LD:/mingw64/bin/../lib/gcc/x86_64-w64-mingw32/8.1.0/../../../../lib -LD:/mingw64/bin/../lib/gcc/x86_64-w64-mingw32/8.1.0/../../../../x86_64-w64-mingw32/lib -LD:/mingw64/bin/../lib/gcc/x86_64-w64-mingw32/8.1.0/../../.. --whole-archive CMakeFiles\cmTC_b7493.dir/objects.a --no-whole-archive --out-implib libcmTC_b7493.dll.a --major-image-version 0 --minor-image-version 0 -lmingw32 -lgcc -lgcc_eh -lmoldname -lmingwex -lmsvcrt -lpthread -ladvapi32 -lshell32 -luser32 -lkernel32 -liconv -lmingw32 -lgcc -lgcc_eh -lmoldname -lmingwex -lmsvcrt D:/mingw64/bin/../lib/gcc/x86_64-w64-mingw32/8.1.0/crtend.o]
    arg [D:/mingw64/bin/../libexec/gcc/x86_64-w64-mingw32/8.1.0/collect2.exe] ==> ignore
    arg [-plugin] ==> ignore
    arg [D:/mingw64/bin/../libexec/gcc/x86_64-w64-mingw32/8.1.0/liblto_plugin-0.dll] ==> ignore
    arg [-plugin-opt=D:/mingw64/bin/../libexec/gcc/x86_64-w64-mingw32/8.1.0/lto-wrapper.exe] ==> ignore
    arg [-plugin-opt=-fresolution=C:\Users\93462\AppData\Local\Temp\cctmirwa.res] ==> ignore
    arg [-plugin-opt=-pass-through=-lmingw32] ==> ignore
    arg [-plugin-opt=-pass-through=-lgcc] ==> ignore
    arg [-plugin-opt=-pass-through=-lgcc_eh] ==> ignore
    arg [-plugin-opt=-pass-through=-lmoldname] ==> ignore
    arg [-plugin-opt=-pass-through=-lmingwex] ==> ignore
    arg [-plugin-opt=-pass-through=-lmsvcrt] ==> ignore
    arg [-plugin-opt=-pass-through=-lpthread] ==> ignore
    arg [-plugin-opt=-pass-through=-ladvapi32] ==> ignore
    arg [-plugin-opt=-pass-through=-lshell32] ==> ignore
    arg [-plugin-opt=-pass-through=-luser32] ==> ignore
    arg [-plugin-opt=-pass-through=-lkernel32] ==> ignore
    arg [-plugin-opt=-pass-through=-liconv] ==> ignore
    arg [-plugin-opt=-pass-through=-lmingw32] ==> ignore
    arg [-plugin-opt=-pass-through=-lgcc] ==> ignore
    arg [-plugin-opt=-pass-through=-lgcc_eh] ==> ignore
    arg [-plugin-opt=-pass-through=-lmoldname] ==> ignore
    arg [-plugin-opt=-pass-through=-lmingwex] ==> ignore
    arg [-plugin-opt=-pass-through=-lmsvcrt] ==> ignore
    arg [--sysroot=C:/mingw810/x86_64-810-posix-sjlj-rt_v6-rev0/mingw64] ==> ignore
    arg [-m] ==> ignore
    arg [i386pep] ==> ignore
    arg [-Bdynamic] ==> ignore
    arg [-o] ==> ignore
    arg [cmTC_b7493.exe] ==> ignore
    arg [D:/mingw64/bin/../lib/gcc/x86_64-w64-mingw32/8.1.0/../../../../x86_64-w64-mingw32/lib/../lib/crt2.o] ==> ignore
    arg [D:/mingw64/bin/../lib/gcc/x86_64-w64-mingw32/8.1.0/crtbegin.o] ==> ignore
    arg [-LD:/mingw64/bin/../lib/gcc/x86_64-w64-mingw32/8.1.0] ==> dir [D:/mingw64/bin/../lib/gcc/x86_64-w64-mingw32/8.1.0]
    arg [-LD:/mingw64/bin/../lib/gcc] ==> dir [D:/mingw64/bin/../lib/gcc]
    arg [-LD:/mingw64/bin/../lib/gcc/x86_64-w64-mingw32/8.1.0/../../../../x86_64-w64-mingw32/lib/../lib] ==> dir [D:/mingw64/bin/../lib/gcc/x86_64-w64-mingw32/8.1.0/../../../../x86_64-w64-mingw32/lib/../lib]
    arg [-LD:/mingw64/bin/../lib/gcc/x86_64-w64-mingw32/8.1.0/../../../../lib] ==> dir [D:/mingw64/bin/../lib/gcc/x86_64-w64-mingw32/8.1.0/../../../../lib]
    arg [-LD:/mingw64/bin/../lib/gcc/x86_64-w64-mingw32/8.1.0/../../../../x86_64-w64-mingw32/lib] ==> dir [D:/mingw64/bin/../lib/gcc/x86_64-w64-mingw32/8.1.0/../../../../x86_64-w64-mingw32/lib]
    arg [-LD:/mingw64/bin/../lib/gcc/x86_64-w64-mingw32/8.1.0/../../..] ==> dir [D:/mingw64/bin/../lib/gcc/x86_64-w64-mingw32/8.1.0/../../..]
    arg [--whole-archive] ==> ignore
    arg [CMakeFiles\cmTC_b7493.dir/objects.a] ==> ignore
    arg [--no-whole-archive] ==> ignore
    arg [--out-implib] ==> ignore
    arg [libcmTC_b7493.dll.a] ==> ignore
    arg [--major-image-version] ==> ignore
    arg [0] ==> ignore
    arg [--minor-image-version] ==> ignore
    arg [0] ==> ignore
    arg [-lmingw32] ==> lib [mingw32]
    arg [-lgcc] ==> lib [gcc]
    arg [-lgcc_eh] ==> lib [gcc_eh]
    arg [-lmoldname] ==> lib [moldname]
    arg [-lmingwex] ==> lib [mingwex]
    arg [-lmsvcrt] ==> lib [msvcrt]
    arg [-lpthread] ==> lib [pthread]
    arg [-ladvapi32] ==> lib [advapi32]
    arg [-lshell32] ==> lib [shell32]
    arg [-luser32] ==> lib [user32]
    arg [-lkernel32] ==> lib [kernel32]
    arg [-liconv] ==> lib [iconv]
    arg [-lmingw32] ==> lib [mingw32]
    arg [-lgcc] ==> lib [gcc]
    arg [-lgcc_eh] ==> lib [gcc_eh]
    arg [-lmoldname] ==> lib [moldname]
    arg [-lmingwex] ==> lib [mingwex]
    arg [-lmsvcrt] ==> lib [msvcrt]
    arg [D:/mingw64/bin/../lib/gcc/x86_64-w64-mingw32/8.1.0/crtend.o] ==> ignore
  remove lib [gcc]
  remove lib [gcc_eh]
  remove lib [gcc]
  remove lib [gcc_eh]
  collapse library dir [D:/mingw64/bin/../lib/gcc/x86_64-w64-mingw32/8.1.0] ==> [D:/mingw64/lib/gcc/x86_64-w64-mingw32/8.1.0]
  collapse library dir [D:/mingw64/bin/../lib/gcc] ==> [D:/mingw64/lib/gcc]
  collapse library dir [D:/mingw64/bin/../lib/gcc/x86_64-w64-mingw32/8.1.0/../../../../x86_64-w64-mingw32/lib/../lib] ==> [D:/mingw64/x86_64-w64-mingw32/lib]
  collapse library dir [D:/mingw64/bin/../lib/gcc/x86_64-w64-mingw32/8.1.0/../../../../lib] ==> [D:/mingw64/lib]
  collapse library dir [D:/mingw64/bin/../lib/gcc/x86_64-w64-mingw32/8.1.0/../../../../x86_64-w64-mingw32/lib] ==> [D:/mingw64/x86_64-w64-mingw32/lib]
  collapse library dir [D:/mingw64/bin/../lib/gcc/x86_64-w64-mingw32/8.1.0/../../..] ==> [D:/mingw64/lib]
  implicit libs: [mingw32;moldname;mingwex;msvcrt;pthread;advapi32;shell32;user32;kernel32;iconv;mingw32;moldname;mingwex;msvcrt]
  implicit dirs: [D:/mingw64/lib/gcc/x86_64-w64-mingw32/8.1.0;D:/mingw64/lib/gcc;D:/mingw64/x86_64-w64-mingw32/lib;D:/mingw64/lib]
  implicit fwks: []




Detecting C [-std=c11] compiler features compiled with the following output:
Change Dir: c:/Users/93462/Desktop/workspace/C++/ntestOne/build/CMakeFiles/CMakeTmp

Run Build Command:"D:/mingw64/bin/mingw32-make.exe" "cmTC_09bc1/fast"
D:/mingw64/bin/mingw32-make.exe -f CMakeFiles\cmTC_09bc1.dir\build.make CMakeFiles/cmTC_09bc1.dir/build
mingw32-make.exe[1]: Entering directory 'c:/Users/93462/Desktop/workspace/C++/ntestOne/build/CMakeFiles/CMakeTmp'
Building C object CMakeFiles/cmTC_09bc1.dir/feature_tests.c.obj
cd /d C:\Users\93462\Desktop\workspace\C++\ntestOne\build\CMakeFiles\CMakeTmp && D:\mingw64\bin\gcc.exe    -std=c11 -o CMakeFiles\cmTC_09bc1.dir\feature_tests.c.obj   -c C:\Users\93462\Desktop\workspace\C++\ntestOne\build\CMakeFiles\feature_tests.c
Linking C executable cmTC_09bc1.exe
cd /d C:\Users\93462\Desktop\workspace\C++\ntestOne\build\CMakeFiles\CMakeTmp && "D:\program files\CMake\bin\cmake.exe" -E cmake_link_script CMakeFiles\cmTC_09bc1.dir\link.txt --verbose=1
"D:\program files\CMake\bin\cmake.exe" -E remove -f CMakeFiles\cmTC_09bc1.dir/objects.a
D:\mingw64\bin\ar.exe cr CMakeFiles\cmTC_09bc1.dir/objects.a @CMakeFiles\cmTC_09bc1.dir\objects1.rsp
D:\mingw64\bin\gcc.exe       -Wl,--whole-archive CMakeFiles\cmTC_09bc1.dir/objects.a -Wl,--no-whole-archive  -o cmTC_09bc1.exe -Wl,--out-implib,libcmTC_09bc1.dll.a -Wl,--major-image-version,0,--minor-image-version,0 @CMakeFiles\cmTC_09bc1.dir\linklibs.rsp
mingw32-make.exe[1]: Leaving directory 'c:/Users/93462/Desktop/workspace/C++/ntestOne/build/CMakeFiles/CMakeTmp'


    Feature record: C_FEATURE:1c_function_prototypes
    Feature record: C_FEATURE:1c_restrict
    Feature record: C_FEATURE:1c_static_assert
    Feature record: C_FEATURE:1c_variadic_macros


Detecting C [-std=c99] compiler features compiled with the following output:
Change Dir: c:/Users/93462/Desktop/workspace/C++/ntestOne/build/CMakeFiles/CMakeTmp

Run Build Command:"D:/mingw64/bin/mingw32-make.exe" "cmTC_015f8/fast"
D:/mingw64/bin/mingw32-make.exe -f CMakeFiles\cmTC_015f8.dir\build.make CMakeFiles/cmTC_015f8.dir/build
mingw32-make.exe[1]: Entering directory 'c:/Users/93462/Desktop/workspace/C++/ntestOne/build/CMakeFiles/CMakeTmp'
Building C object CMakeFiles/cmTC_015f8.dir/feature_tests.c.obj
cd /d C:\Users\93462\Desktop\workspace\C++\ntestOne\build\CMakeFiles\CMakeTmp && D:\mingw64\bin\gcc.exe    -std=c99 -o CMakeFiles\cmTC_015f8.dir\feature_tests.c.obj   -c C:\Users\93462\Desktop\workspace\C++\ntestOne\build\CMakeFiles\feature_tests.c
Linking C executable cmTC_015f8.exe
cd /d C:\Users\93462\Desktop\workspace\C++\ntestOne\build\CMakeFiles\CMakeTmp && "D:\program files\CMake\bin\cmake.exe" -E cmake_link_script CMakeFiles\cmTC_015f8.dir\link.txt --verbose=1
"D:\program files\CMake\bin\cmake.exe" -E remove -f CMakeFiles\cmTC_015f8.dir/objects.a
D:\mingw64\bin\ar.exe cr CMakeFiles\cmTC_015f8.dir/objects.a @CMakeFiles\cmTC_015f8.dir\objects1.rsp
D:\mingw64\bin\gcc.exe       -Wl,--whole-archive CMakeFiles\cmTC_015f8.dir/objects.a -Wl,--no-whole-archive  -o cmTC_015f8.exe -Wl,--out-implib,libcmTC_015f8.dll.a -Wl,--major-image-version,0,--minor-image-version,0 @CMakeFiles\cmTC_015f8.dir\linklibs.rsp
mingw32-make.exe[1]: Leaving directory 'c:/Users/93462/Desktop/workspace/C++/ntestOne/build/CMakeFiles/CMakeTmp'


    Feature record: C_FEATURE:1c_function_prototypes
    Feature record: C_FEATURE:1c_restrict
    Feature record: C_FEATURE:0c_static_assert
    Feature record: C_FEATURE:1c_variadic_macros


Detecting C [-std=c90] compiler features compiled with the following output:
Change Dir: c:/Users/93462/Desktop/workspace/C++/ntestOne/build/CMakeFiles/CMakeTmp

Run Build Command:"D:/mingw64/bin/mingw32-make.exe" "cmTC_fd505/fast"
D:/mingw64/bin/mingw32-make.exe -f CMakeFiles\cmTC_fd505.dir\build.make CMakeFiles/cmTC_fd505.dir/build
mingw32-make.exe[1]: Entering directory 'c:/Users/93462/Desktop/workspace/C++/ntestOne/build/CMakeFiles/CMakeTmp'
Building C object CMakeFiles/cmTC_fd505.dir/feature_tests.c.obj
cd /d C:\Users\93462\Desktop\workspace\C++\ntestOne\build\CMakeFiles\CMakeTmp && D:\mingw64\bin\gcc.exe    -std=c90 -o CMakeFiles\cmTC_fd505.dir\feature_tests.c.obj   -c C:\Users\93462\Desktop\workspace\C++\ntestOne\build\CMakeFiles\feature_tests.c
Linking C executable cmTC_fd505.exe
cd /d C:\Users\93462\Desktop\workspace\C++\ntestOne\build\CMakeFiles\CMakeTmp && "D:\program files\CMake\bin\cmake.exe" -E cmake_link_script CMakeFiles\cmTC_fd505.dir\link.txt --verbose=1
"D:\program files\CMake\bin\cmake.exe" -E remove -f CMakeFiles\cmTC_fd505.dir/objects.a
D:\mingw64\bin\ar.exe cr CMakeFiles\cmTC_fd505.dir/objects.a @CMakeFiles\cmTC_fd505.dir\objects1.rsp
D:\mingw64\bin\gcc.exe       -Wl,--whole-archive CMakeFiles\cmTC_fd505.dir/objects.a -Wl,--no-whole-archive  -o cmTC_fd505.exe -Wl,--out-implib,libcmTC_fd505.dll.a -Wl,--major-image-version,0,--minor-image-version,0 @CMakeFiles\cmTC_fd505.dir\linklibs.rsp
mingw32-make.exe[1]: Leaving directory 'c:/Users/93462/Desktop/workspace/C++/ntestOne/build/CMakeFiles/CMakeTmp'


    Feature record: C_FEATURE:1c_function_prototypes
    Feature record: C_FEATURE:0c_restrict
    Feature record: C_FEATURE:0c_static_assert
    Feature record: C_FEATURE:0c_variadic_macros
Determining if the CXX compiler works passed with the following output:
Change Dir: c:/Users/93462/Desktop/workspace/C++/ntestOne/build/CMakeFiles/CMakeTmp

Run Build Command:"D:/mingw64/bin/mingw32-make.exe" "cmTC_97948/fast"
D:/mingw64/bin/mingw32-make.exe -f CMakeFiles\cmTC_97948.dir\build.make CMakeFiles/cmTC_97948.dir/build
mingw32-make.exe[1]: Entering directory 'c:/Users/93462/Desktop/workspace/C++/ntestOne/build/CMakeFiles/CMakeTmp'
Building CXX object CMakeFiles/cmTC_97948.dir/testCXXCompiler.cxx.obj
cd /d C:\Users\93462\Desktop\workspace\C++\ntestOne\build\CMakeFiles\CMakeTmp && D:\mingw64\bin\g++.exe      -o CMakeFiles\cmTC_97948.dir\testCXXCompiler.cxx.obj -c C:\Users\93462\Desktop\workspace\C++\ntestOne\build\CMakeFiles\CMakeTmp\testCXXCompiler.cxx
Linking CXX executable cmTC_97948.exe
cd /d C:\Users\93462\Desktop\workspace\C++\ntestOne\build\CMakeFiles\CMakeTmp && "D:\program files\CMake\bin\cmake.exe" -E cmake_link_script CMakeFiles\cmTC_97948.dir\link.txt --verbose=1
"D:\program files\CMake\bin\cmake.exe" -E remove -f CMakeFiles\cmTC_97948.dir/objects.a
D:\mingw64\bin\ar.exe cr CMakeFiles\cmTC_97948.dir/objects.a @CMakeFiles\cmTC_97948.dir\objects1.rsp
D:\mingw64\bin\g++.exe       -Wl,--whole-archive CMakeFiles\cmTC_97948.dir/objects.a -Wl,--no-whole-archive  -o cmTC_97948.exe -Wl,--out-implib,libcmTC_97948.dll.a -Wl,--major-image-version,0,--minor-image-version,0 @CMakeFiles\cmTC_97948.dir\linklibs.rsp
mingw32-make.exe[1]: Leaving directory 'c:/Users/93462/Desktop/workspace/C++/ntestOne/build/CMakeFiles/CMakeTmp'


Detecting CXX compiler ABI info compiled with the following output:
Change Dir: c:/Users/93462/Desktop/workspace/C++/ntestOne/build/CMakeFiles/CMakeTmp

Run Build Command:"D:/mingw64/bin/mingw32-make.exe" "cmTC_962b3/fast"
D:/mingw64/bin/mingw32-make.exe -f CMakeFiles\cmTC_962b3.dir\build.make CMakeFiles/cmTC_962b3.dir/build
mingw32-make.exe[1]: Entering directory 'c:/Users/93462/Desktop/workspace/C++/ntestOne/build/CMakeFiles/CMakeTmp'
Building CXX object CMakeFiles/cmTC_962b3.dir/CMakeCXXCompilerABI.cpp.obj
cd /d C:\Users\93462\Desktop\workspace\C++\ntestOne\build\CMakeFiles\CMakeTmp && D:\mingw64\bin\g++.exe      -o CMakeFiles\cmTC_962b3.dir\CMakeCXXCompilerABI.cpp.obj -c "D:\program files\CMake\share\cmake-3.7\Modules\CMakeCXXCompilerABI.cpp"
Linking CXX executable cmTC_962b3.exe
cd /d C:\Users\93462\Desktop\workspace\C++\ntestOne\build\CMakeFiles\CMakeTmp && "D:\program files\CMake\bin\cmake.exe" -E cmake_link_script CMakeFiles\cmTC_962b3.dir\link.txt --verbose=1
"D:\program files\CMake\bin\cmake.exe" -E remove -f CMakeFiles\cmTC_962b3.dir/objects.a
D:\mingw64\bin\ar.exe cr CMakeFiles\cmTC_962b3.dir/objects.a @CMakeFiles\cmTC_962b3.dir\objects1.rsp
D:\mingw64\bin\g++.exe      -v -Wl,--whole-archive CMakeFiles\cmTC_962b3.dir/objects.a -Wl,--no-whole-archive  -o cmTC_962b3.exe -Wl,--out-implib,libcmTC_962b3.dll.a -Wl,--major-image-version,0,--minor-image-version,0   
Using built-in specs.
COLLECT_GCC=D:\mingw64\bin\g++.exe
COLLECT_LTO_WRAPPER=D:/mingw64/bin/../libexec/gcc/x86_64-w64-mingw32/8.1.0/lto-wrapper.exe
Target: x86_64-w64-mingw32
Configured with: ../../../src/gcc-8.1.0/configure --host=x86_64-w64-mingw32 --build=x86_64-w64-mingw32 --target=x86_64-w64-mingw32 --prefix=/mingw64 --with-sysroot=/c/mingw810/x86_64-810-posix-sjlj-rt_v6-rev0/mingw64 --enable-shared --enable-static --enable-targets=all --enable-multilib --enable-languages=c,c++,fortran,lto --enable-libstdcxx-time=yes --enable-threads=posix --enable-libgomp --enable-libatomic --enable-lto --enable-graphite --enable-checking=release --enable-fully-dynamic-string --enable-version-specific-runtime-libs --enable-sjlj-exceptions --disable-libstdcxx-pch --disable-libstdcxx-debug --enable-bootstrap --disable-rpath --disable-win32-registry --disable-nls --disable-werror --disable-symvers --with-gnu-as --with-gnu-ld --with-arch-32=i686 --with-arch-64=nocona --with-tune-32=generic --with-tune-64=core2 --with-libiconv --with-system-zlib --with-gmp=/c/mingw810/prerequisites/x86_64-w64-mingw32-static --with-mpfr=/c/mingw810/prerequisites/x86_64-w64-mingw32-static --with-mpc=/c/mingw810/prerequisites/x86_64-w64-mingw32-static --with-isl=/c/mingw810/prerequisites/x86_64-w64-mingw32-static --with-pkgversion='x86_64-posix-sjlj-rev0, Built by MinGW-W64 project' --with-bugurl=https://sourceforge.net/projects/mingw-w64 CFLAGS='-O2 -pipe -fno-ident -I/c/mingw810/x86_64-810-posix-sjlj-rt_v6-rev0/mingw64/opt/include -I/c/mingw810/prerequisites/x86_64-zlib-static/include -I/c/mingw810/prerequisites/x86_64-w64-mingw32-static/include' CXXFLAGS='-O2 -pipe -fno-ident -I/c/mingw810/x86_64-810-posix-sjlj-rt_v6-rev0/mingw64/opt/include -I/c/mingw810/prerequisites/x86_64-zlib-static/include -I/c/mingw810/prerequisites/x86_64-w64-mingw32-static/include' CPPFLAGS=' -I/c/mingw810/x86_64-810-posix-sjlj-rt_v6-rev0/mingw64/opt/include -I/c/mingw810/prerequisites/x86_64-zlib-static/include -I/c/mingw810/prerequisites/x86_64-w64-mingw32-static/include' LDFLAGS='-pipe -fno-ident -L/c/mingw810/x86_64-810-posix-sjlj-rt_v6-rev0/mingw64/opt/lib -L/c/mingw810/prerequisites/x86_64-zlib-static/lib -L/c/mingw810/prerequisites/x86_64-w64-mingw32-static/lib '
Thread model: posix
gcc version 8.1.0 (x86_64-posix-sjlj-rev0, Built by MinGW-W64 project) 
COMPILER_PATH=D:/mingw64/bin/../libexec/gcc/x86_64-w64-mingw32/8.1.0/;D:/mingw64/bin/../libexec/gcc/;D:/mingw64/bin/../lib/gcc/x86_64-w64-mingw32/8.1.0/../../../../x86_64-w64-mingw32/bin/
LIBRARY_PATH=D:/mingw64/bin/../lib/gcc/x86_64-w64-mingw32/8.1.0/;D:/mingw64/bin/../lib/gcc/;D:/mingw64/bin/../lib/gcc/x86_64-w64-mingw32/8.1.0/../../../../x86_64-w64-mingw32/lib/../lib/;D:/mingw64/bin/../lib/gcc/x86_64-w64-mingw32/8.1.0/../../../../lib/;D:/mingw64/bin/../lib/gcc/x86_64-w64-mingw32/8.1.0/../../../../x86_64-w64-mingw32/lib/;D:/mingw64/bin/../lib/gcc/x86_64-w64-mingw32/8.1.0/../../../
COLLECT_GCC_OPTIONS='-v' '-o' 'cmTC_962b3.exe' '-shared-libgcc' '-mtune=core2' '-march=nocona'
 D:/mingw64/bin/../libexec/gcc/x86_64-w64-mingw32/8.1.0/collect2.exe -plugin D:/mingw64/bin/../libexec/gcc/x86_64-w64-mingw32/8.1.0/liblto_plugin-0.dll -plugin-opt=D:/mingw64/bin/../libexec/gcc/x86_64-w64-mingw32/8.1.0/lto-wrapper.exe -plugin-opt=-fresolution=C:\Users\93462\AppData\Local\Temp\ccuO0aJi.res -plugin-opt=-pass-through=-lmingw32 -plugin-opt=-pass-through=-lgcc_s -plugin-opt=-pass-through=-lgcc -plugin-opt=-pass-through=-lmoldname -plugin-opt=-pass-through=-lmingwex -plugin-opt=-pass-through=-lmsvcrt -plugin-opt=-pass-through=-lpthread -plugin-opt=-pass-through=-ladvapi32 -plugin-opt=-pass-through=-lshell32 -plugin-opt=-pass-through=-luser32 -plugin-opt=-pass-through=-lkernel32 -plugin-opt=-pass-through=-liconv -plugin-opt=-pass-through=-lmingw32 -plugin-opt=-pass-through=-lgcc_s -plugin-opt=-pass-through=-lgcc -plugin-opt=-pass-through=-lmoldname -plugin-opt=-pass-through=-lmingwex -plugin-opt=-pass-through=-lmsvcrt --sysroot=C:/mingw810/x86_64-810-posix-sjlj-rt_v6-rev0/mingw64 -m i386pep -Bdynamic -o cmTC_962b3.exe D:/mingw64/bin/../lib/gcc/x86_64-w64-mingw32/8.1.0/../../../../x86_64-w64-mingw32/lib/../lib/crt2.o D:/mingw64/bin/../lib/gcc/x86_64-w64-mingw32/8.1.0/crtbegin.o -LD:/mingw64/bin/../lib/gcc/x86_64-w64-mingw32/8.1.0 -LD:/mingw64/bin/../lib/gcc -LD:/mingw64/bin/../lib/gcc/x86_64-w64-mingw32/8.1.0/../../../../x86_64-w64-mingw32/lib/../lib -LD:/mingw64/bin/../lib/gcc/x86_64-w64-mingw32/8.1.0/../../../../lib -LD:/mingw64/bin/../lib/gcc/x86_64-w64-mingw32/8.1.0/../../../../x86_64-w64-mingw32/lib -LD:/mingw64/bin/../lib/gcc/x86_64-w64-mingw32/8.1.0/../../.. --whole-archive CMakeFiles\cmTC_962b3.dir/objects.a --no-whole-archive --out-implib libcmTC_962b3.dll.a --major-image-version 0 --minor-image-version 0 -lstdc++ -lmingw32 -lgcc_s -lgcc -lmoldname -lmingwex -lmsvcrt -lpthread -ladvapi32 -lshell32 -luser32 -lkernel32 -liconv -lmingw32 -lgcc_s -lgcc -lmoldname -lmingwex -lmsvcrt D:/mingw64/bin/../lib/gcc/x86_64-w64-mingw32/8.1.0/crtend.o
COLLECT_GCC_OPTIONS='-v' '-o' 'cmTC_962b3.exe' '-shared-libgcc' '-mtune=core2' '-march=nocona'
mingw32-make.exe[1]: Leaving directory 'c:/Users/93462/Desktop/workspace/C++/ntestOne/build/CMakeFiles/CMakeTmp'


Parsed CXX implicit link information from above output:
  link line regex: [^( *|.*[/\])(ld\.exe|([^/\]+-)?ld|collect2)[^/\]*( |$)]
  ignore line: [Change Dir: c:/Users/93462/Desktop/workspace/C++/ntestOne/build/CMakeFiles/CMakeTmp]
  ignore line: []
  ignore line: [Run Build Command:"D:/mingw64/bin/mingw32-make.exe" "cmTC_962b3/fast"]
  ignore line: [D:/mingw64/bin/mingw32-make.exe -f CMakeFiles\cmTC_962b3.dir\build.make CMakeFiles/cmTC_962b3.dir/build]
  ignore line: [mingw32-make.exe[1]: Entering directory 'c:/Users/93462/Desktop/workspace/C++/ntestOne/build/CMakeFiles/CMakeTmp']
  ignore line: [Building CXX object CMakeFiles/cmTC_962b3.dir/CMakeCXXCompilerABI.cpp.obj]
  ignore line: [cd /d C:\Users\93462\Desktop\workspace\C++\ntestOne\build\CMakeFiles\CMakeTmp && D:\mingw64\bin\g++.exe      -o CMakeFiles\cmTC_962b3.dir\CMakeCXXCompilerABI.cpp.obj -c "D:\program files\CMake\share\cmake-3.7\Modules\CMakeCXXCompilerABI.cpp"]
  ignore line: [Linking CXX executable cmTC_962b3.exe]
  ignore line: [cd /d C:\Users\93462\Desktop\workspace\C++\ntestOne\build\CMakeFiles\CMakeTmp && "D:\program files\CMake\bin\cmake.exe" -E cmake_link_script CMakeFiles\cmTC_962b3.dir\link.txt --verbose=1]
  ignore line: ["D:\program files\CMake\bin\cmake.exe" -E remove -f CMakeFiles\cmTC_962b3.dir/objects.a]
  ignore line: [D:\mingw64\bin\ar.exe cr CMakeFiles\cmTC_962b3.dir/objects.a @CMakeFiles\cmTC_962b3.dir\objects1.rsp]
  ignore line: [D:\mingw64\bin\g++.exe      -v -Wl,--whole-archive CMakeFiles\cmTC_962b3.dir/objects.a -Wl,--no-whole-archive  -o cmTC_962b3.exe -Wl,--out-implib,libcmTC_962b3.dll.a -Wl,--major-image-version,0,--minor-image-version,0   ]
  ignore line: [Using built-in specs.]
  ignore line: [COLLECT_GCC=D:\mingw64\bin\g++.exe]
  ignore line: [COLLECT_LTO_WRAPPER=D:/mingw64/bin/../libexec/gcc/x86_64-w64-mingw32/8.1.0/lto-wrapper.exe]
  ignore line: [Target: x86_64-w64-mingw32]
  ignore line: [Configured with: ../../../src/gcc-8.1.0/configure --host=x86_64-w64-mingw32 --build=x86_64-w64-mingw32 --target=x86_64-w64-mingw32 --prefix=/mingw64 --with-sysroot=/c/mingw810/x86_64-810-posix-sjlj-rt_v6-rev0/mingw64 --enable-shared --enable-static --enable-targets=all --enable-multilib --enable-languages=c,c++,fortran,lto --enable-libstdcxx-time=yes --enable-threads=posix --enable-libgomp --enable-libatomic --enable-lto --enable-graphite --enable-checking=release --enable-fully-dynamic-string --enable-version-specific-runtime-libs --enable-sjlj-exceptions --disable-libstdcxx-pch --disable-libstdcxx-debug --enable-bootstrap --disable-rpath --disable-win32-registry --disable-nls --disable-werror --disable-symvers --with-gnu-as --with-gnu-ld --with-arch-32=i686 --with-arch-64=nocona --with-tune-32=generic --with-tune-64=core2 --with-libiconv --with-system-zlib --with-gmp=/c/mingw810/prerequisites/x86_64-w64-mingw32-static --with-mpfr=/c/mingw810/prerequisites/x86_64-w64-mingw32-static --with-mpc=/c/mingw810/prerequisites/x86_64-w64-mingw32-static --with-isl=/c/mingw810/prerequisites/x86_64-w64-mingw32-static --with-pkgversion='x86_64-posix-sjlj-rev0, Built by MinGW-W64 project' --with-bugurl=https://sourceforge.net/projects/mingw-w64 CFLAGS='-O2 -pipe -fno-ident -I/c/mingw810/x86_64-810-posix-sjlj-rt_v6-rev0/mingw64/opt/include -I/c/mingw810/prerequisites/x86_64-zlib-static/include -I/c/mingw810/prerequisites/x86_64-w64-mingw32-static/include' CXXFLAGS='-O2 -pipe -fno-ident -I/c/mingw810/x86_64-810-posix-sjlj-rt_v6-rev0/mingw64/opt/include -I/c/mingw810/prerequisites/x86_64-zlib-static/include -I/c/mingw810/prerequisites/x86_64-w64-mingw32-static/include' CPPFLAGS=' -I/c/mingw810/x86_64-810-posix-sjlj-rt_v6-rev0/mingw64/opt/include -I/c/mingw810/prerequisites/x86_64-zlib-static/include -I/c/mingw810/prerequisites/x86_64-w64-mingw32-static/include' LDFLAGS='-pipe -fno-ident -L/c/mingw810/x86_64-810-posix-sjlj-rt_v6-rev0/mingw64/opt/lib -L/c/mingw810/prerequisites/x86_64-zlib-static/lib -L/c/mingw810/prerequisites/x86_64-w64-mingw32-static/lib ']
  ignore line: [Thread model: posix]
  ignore line: [gcc version 8.1.0 (x86_64-posix-sjlj-rev0, Built by MinGW-W64 project) ]
  ignore line: [COMPILER_PATH=D:/mingw64/bin/../libexec/gcc/x86_64-w64-mingw32/8.1.0/]
  ignore line: [D:/mingw64/bin/../libexec/gcc/]
  ignore line: [D:/mingw64/bin/../lib/gcc/x86_64-w64-mingw32/8.1.0/../../../../x86_64-w64-mingw32/bin/]
  ignore line: [LIBRARY_PATH=D:/mingw64/bin/../lib/gcc/x86_64-w64-mingw32/8.1.0/]
  ignore line: [D:/mingw64/bin/../lib/gcc/]
  ignore line: [D:/mingw64/bin/../lib/gcc/x86_64-w64-mingw32/8.1.0/../../../../x86_64-w64-mingw32/lib/../lib/]
  ignore line: [D:/mingw64/bin/../lib/gcc/x86_64-w64-mingw32/8.1.0/../../../../lib/]
  ignore line: [D:/mingw64/bin/../lib/gcc/x86_64-w64-mingw32/8.1.0/../../../../x86_64-w64-mingw32/lib/]
  ignore line: [D:/mingw64/bin/../lib/gcc/x86_64-w64-mingw32/8.1.0/../../../]
  ignore line: [COLLECT_GCC_OPTIONS='-v' '-o' 'cmTC_962b3.exe' '-shared-libgcc' '-mtune=core2' '-march=nocona']
  link line: [ D:/mingw64/bin/../libexec/gcc/x86_64-w64-mingw32/8.1.0/collect2.exe -plugin D:/mingw64/bin/../libexec/gcc/x86_64-w64-mingw32/8.1.0/liblto_plugin-0.dll -plugin-opt=D:/mingw64/bin/../libexec/gcc/x86_64-w64-mingw32/8.1.0/lto-wrapper.exe -plugin-opt=-fresolution=C:\Users\93462\AppData\Local\Temp\ccuO0aJi.res -plugin-opt=-pass-through=-lmingw32 -plugin-opt=-pass-through=-lgcc_s -plugin-opt=-pass-through=-lgcc -plugin-opt=-pass-through=-lmoldname -plugin-opt=-pass-through=-lmingwex -plugin-opt=-pass-through=-lmsvcrt -plugin-opt=-pass-through=-lpthread -plugin-opt=-pass-through=-ladvapi32 -plugin-opt=-pass-through=-lshell32 -plugin-opt=-pass-through=-luser32 -plugin-opt=-pass-through=-lkernel32 -plugin-opt=-pass-through=-liconv -plugin-opt=-pass-through=-lmingw32 -plugin-opt=-pass-through=-lgcc_s -plugin-opt=-pass-through=-lgcc -plugin-opt=-pass-through=-lmoldname -plugin-opt=-pass-through=-lmingwex -plugin-opt=-pass-through=-lmsvcrt --sysroot=C:/mingw810/x86_64-810-posix-sjlj-rt_v6-rev0/mingw64 -m i386pep -Bdynamic -o cmTC_962b3.exe D:/mingw64/bin/../lib/gcc/x86_64-w64-mingw32/8.1.0/../../../../x86_64-w64-mingw32/lib/../lib/crt2.o D:/mingw64/bin/../lib/gcc/x86_64-w64-mingw32/8.1.0/crtbegin.o -LD:/mingw64/bin/../lib/gcc/x86_64-w64-mingw32/8.1.0 -LD:/mingw64/bin/../lib/gcc -LD:/mingw64/bin/../lib/gcc/x86_64-w64-mingw32/8.1.0/../../../../x86_64-w64-mingw32/lib/../lib -LD:/mingw64/bin/../lib/gcc/x86_64-w64-mingw32/8.1.0/../../../../lib -LD:/mingw64/bin/../lib/gcc/x86_64-w64-mingw32/8.1.0/../../../../x86_64-w64-mingw32/lib -LD:/mingw64/bin/../lib/gcc/x86_64-w64-mingw32/8.1.0/../../.. --whole-archive CMakeFiles\cmTC_962b3.dir/objects.a --no-whole-archive --out-implib libcmTC_962b3.dll.a --major-image-version 0 --minor-image-version 0 -lstdc++ -lmingw32 -lgcc_s -lgcc -lmoldname -lmingwex -lmsvcrt -lpthread -ladvapi32 -lshell32 -luser32 -lkernel32 -liconv -lmingw32 -lgcc_s -lgcc -lmoldname -lmingwex -lmsvcrt D:/mingw64/bin/../lib/gcc/x86_64-w64-mingw32/8.1.0/crtend.o]
    arg [D:/mingw64/bin/../libexec/gcc/x86_64-w64-mingw32/8.1.0/collect2.exe] ==> ignore
    arg [-plugin] ==> ignore
    arg [D:/mingw64/bin/../libexec/gcc/x86_64-w64-mingw32/8.1.0/liblto_plugin-0.dll] ==> ignore
    arg [-plugin-opt=D:/mingw64/bin/../libexec/gcc/x86_64-w64-mingw32/8.1.0/lto-wrapper.exe] ==> ignore
    arg [-plugin-opt=-fresolution=C:\Users\93462\AppData\Local\Temp\ccuO0aJi.res] ==> ignore
    arg [-plugin-opt=-pass-through=-lmingw32] ==> ignore
    arg [-plugin-opt=-pass-through=-lgcc_s] ==> ignore
    arg [-plugin-opt=-pass-through=-lgcc] ==> ignore
    arg [-plugin-opt=-pass-through=-lmoldname] ==> ignore
    arg [-plugin-opt=-pass-through=-lmingwex] ==> ignore
    arg [-plugin-opt=-pass-through=-lmsvcrt] ==> ignore
    arg [-plugin-opt=-pass-through=-lpthread] ==> ignore
    arg [-plugin-opt=-pass-through=-ladvapi32] ==> ignore
    arg [-plugin-opt=-pass-through=-lshell32] ==> ignore
    arg [-plugin-opt=-pass-through=-luser32] ==> ignore
    arg [-plugin-opt=-pass-through=-lkernel32] ==> ignore
    arg [-plugin-opt=-pass-through=-liconv] ==> ignore
    arg [-plugin-opt=-pass-through=-lmingw32] ==> ignore
    arg [-plugin-opt=-pass-through=-lgcc_s] ==> ignore
    arg [-plugin-opt=-pass-through=-lgcc] ==> ignore
    arg [-plugin-opt=-pass-through=-lmoldname] ==> ignore
    arg [-plugin-opt=-pass-through=-lmingwex] ==> ignore
    arg [-plugin-opt=-pass-through=-lmsvcrt] ==> ignore
    arg [--sysroot=C:/mingw810/x86_64-810-posix-sjlj-rt_v6-rev0/mingw64] ==> ignore
    arg [-m] ==> ignore
    arg [i386pep] ==> ignore
    arg [-Bdynamic] ==> ignore
    arg [-o] ==> ignore
    arg [cmTC_962b3.exe] ==> ignore
    arg [D:/mingw64/bin/../lib/gcc/x86_64-w64-mingw32/8.1.0/../../../../x86_64-w64-mingw32/lib/../lib/crt2.o] ==> ignore
    arg [D:/mingw64/bin/../lib/gcc/x86_64-w64-mingw32/8.1.0/crtbegin.o] ==> ignore
    arg [-LD:/mingw64/bin/../lib/gcc/x86_64-w64-mingw32/8.1.0] ==> dir [D:/mingw64/bin/../lib/gcc/x86_64-w64-mingw32/8.1.0]
    arg [-LD:/mingw64/bin/../lib/gcc] ==> dir [D:/mingw64/bin/../lib/gcc]
    arg [-LD:/mingw64/bin/../lib/gcc/x86_64-w64-mingw32/8.1.0/../../../../x86_64-w64-mingw32/lib/../lib] ==> dir [D:/mingw64/bin/../lib/gcc/x86_64-w64-mingw32/8.1.0/../../../../x86_64-w64-mingw32/lib/../lib]
    arg [-LD:/mingw64/bin/../lib/gcc/x86_64-w64-mingw32/8.1.0/../../../../lib] ==> dir [D:/mingw64/bin/../lib/gcc/x86_64-w64-mingw32/8.1.0/../../../../lib]
    arg [-LD:/mingw64/bin/../lib/gcc/x86_64-w64-mingw32/8.1.0/../../../../x86_64-w64-mingw32/lib] ==> dir [D:/mingw64/bin/../lib/gcc/x86_64-w64-mingw32/8.1.0/../../../../x86_64-w64-mingw32/lib]
    arg [-LD:/mingw64/bin/../lib/gcc/x86_64-w64-mingw32/8.1.0/../../..] ==> dir [D:/mingw64/bin/../lib/gcc/x86_64-w64-mingw32/8.1.0/../../..]
    arg [--whole-archive] ==> ignore
    arg [CMakeFiles\cmTC_962b3.dir/objects.a] ==> ignore
    arg [--no-whole-archive] ==> ignore
    arg [--out-implib] ==> ignore
    arg [libcmTC_962b3.dll.a] ==> ignore
    arg [--major-image-version] ==> ignore
    arg [0] ==> ignore
    arg [--minor-image-version] ==> ignore
    arg [0] ==> ignore
    arg [-lstdc++] ==> lib [stdc++]
    arg [-lmingw32] ==> lib [mingw32]
    arg [-lgcc_s] ==> lib [gcc_s]
    arg [-lgcc] ==> lib [gcc]
    arg [-lmoldname] ==> lib [moldname]
    arg [-lmingwex] ==> lib [mingwex]
    arg [-lmsvcrt] ==> lib [msvcrt]
    arg [-lpthread] ==> lib [pthread]
    arg [-ladvapi32] ==> lib [advapi32]
    arg [-lshell32] ==> lib [shell32]
    arg [-luser32] ==> lib [user32]
    arg [-lkernel32] ==> lib [kernel32]
    arg [-liconv] ==> lib [iconv]
    arg [-lmingw32] ==> lib [mingw32]
    arg [-lgcc_s] ==> lib [gcc_s]
    arg [-lgcc] ==> lib [gcc]
    arg [-lmoldname] ==> lib [moldname]
    arg [-lmingwex] ==> lib [mingwex]
    arg [-lmsvcrt] ==> lib [msvcrt]
    arg [D:/mingw64/bin/../lib/gcc/x86_64-w64-mingw32/8.1.0/crtend.o] ==> ignore
  remove lib [gcc_s]
  remove lib [gcc]
  remove lib [gcc_s]
  remove lib [gcc]
  collapse library dir [D:/mingw64/bin/../lib/gcc/x86_64-w64-mingw32/8.1.0] ==> [D:/mingw64/lib/gcc/x86_64-w64-mingw32/8.1.0]
  collapse library dir [D:/mingw64/bin/../lib/gcc] ==> [D:/mingw64/lib/gcc]
  collapse library dir [D:/mingw64/bin/../lib/gcc/x86_64-w64-mingw32/8.1.0/../../../../x86_64-w64-mingw32/lib/../lib] ==> [D:/mingw64/x86_64-w64-mingw32/lib]
  collapse library dir [D:/mingw64/bin/../lib/gcc/x86_64-w64-mingw32/8.1.0/../../../../lib] ==> [D:/mingw64/lib]
  collapse library dir [D:/mingw64/bin/../lib/gcc/x86_64-w64-mingw32/8.1.0/../../../../x86_64-w64-mingw32/lib] ==> [D:/mingw64/x86_64-w64-mingw32/lib]
  collapse library dir [D:/mingw64/bin/../lib/gcc/x86_64-w64-mingw32/8.1.0/../../..] ==> [D:/mingw64/lib]
  implicit libs: [stdc++;mingw32;moldname;mingwex;msvcrt;pthread;advapi32;shell32;user32;kernel32;iconv;mingw32;moldname;mingwex;msvcrt]
  implicit dirs: [D:/mingw64/lib/gcc/x86_64-w64-mingw32/8.1.0;D:/mingw64/lib/gcc;D:/mingw64/x86_64-w64-mingw32/lib;D:/mingw64/lib]
  implicit fwks: []




Detecting CXX [-std=c++14] compiler features compiled with the following output:
Change Dir: c:/Users/93462/Desktop/workspace/C++/ntestOne/build/CMakeFiles/CMakeTmp

Run Build Command:"D:/mingw64/bin/mingw32-make.exe" "cmTC_993ee/fast"
D:/mingw64/bin/mingw32-make.exe -f CMakeFiles\cmTC_993ee.dir\build.make CMakeFiles/cmTC_993ee.dir/build
mingw32-make.exe[1]: Entering directory 'c:/Users/93462/Desktop/workspace/C++/ntestOne/build/CMakeFiles/CMakeTmp'
Building CXX object CMakeFiles/cmTC_993ee.dir/feature_tests.cxx.obj
cd /d C:\Users\93462\Desktop\workspace\C++\ntestOne\build\CMakeFiles\CMakeTmp && D:\mingw64\bin\g++.exe     -std=c++14 -o CMakeFiles\cmTC_993ee.dir\feature_tests.cxx.obj -c C:\Users\93462\Desktop\workspace\C++\ntestOne\build\CMakeFiles\feature_tests.cxx
Linking CXX executable cmTC_993ee.exe
cd /d C:\Users\93462\Desktop\workspace\C++\ntestOne\build\CMakeFiles\CMakeTmp && "D:\program files\CMake\bin\cmake.exe" -E cmake_link_script CMakeFiles\cmTC_993ee.dir\link.txt --verbose=1
"D:\program files\CMake\bin\cmake.exe" -E remove -f CMakeFiles\cmTC_993ee.dir/objects.a
D:\mingw64\bin\ar.exe cr CMakeFiles\cmTC_993ee.dir/objects.a @CMakeFiles\cmTC_993ee.dir\objects1.rsp
D:\mingw64\bin\g++.exe       -Wl,--whole-archive CMakeFiles\cmTC_993ee.dir/objects.a -Wl,--no-whole-archive  -o cmTC_993ee.exe -Wl,--out-implib,libcmTC_993ee.dll.a -Wl,--major-image-version,0,--minor-image-version,0 @CMakeFiles\cmTC_993ee.dir\linklibs.rsp
mingw32-make.exe[1]: Leaving directory 'c:/Users/93462/Desktop/workspace/C++/ntestOne/build/CMakeFiles/CMakeTmp'


    Feature record: CXX_FEATURE:1cxx_aggregate_default_initializers
    Feature record: CXX_FEATURE:1cxx_alias_templates
    Feature record: CXX_FEATURE:1cxx_alignas
    Feature record: CXX_FEATURE:1cxx_alignof
    Feature record: CXX_FEATURE:1cxx_attributes
    Feature record: CXX_FEATURE:1cxx_attribute_deprecated
    Feature record: CXX_FEATURE:1cxx_auto_type
    Feature record: CXX_FEATURE:1cxx_binary_literals
    Feature record: CXX_FEATURE:1cxx_constexpr
    Feature record: CXX_FEATURE:1cxx_contextual_conversions
    Feature record: CXX_FEATURE:1cxx_decltype
    Feature record: CXX_FEATURE:1cxx_decltype_auto
    Feature record: CXX_FEATURE:1cxx_decltype_incomplete_return_types
    Feature record: CXX_FEATURE:1cxx_default_function_template_args
    Feature record: CXX_FEATURE:1cxx_defaulted_functions
    Feature record: CXX_FEATURE:1cxx_defaulted_move_initializers
    Feature record: CXX_FEATURE:1cxx_delegating_constructors
    Feature record: CXX_FEATURE:1cxx_deleted_functions
    Feature record: CXX_FEATURE:1cxx_digit_separators
    Feature record: CXX_FEATURE:1cxx_enum_forward_declarations
    Feature record: CXX_FEATURE:1cxx_explicit_conversions
    Feature record: CXX_FEATURE:1cxx_extended_friend_declarations
    Feature record: CXX_FEATURE:1cxx_extern_templates
    Feature record: CXX_FEATURE:1cxx_final
    Feature record: CXX_FEATURE:1cxx_func_identifier
    Feature record: CXX_FEATURE:1cxx_generalized_initializers
    Feature record: CXX_FEATURE:1cxx_generic_lambdas
    Feature record: CXX_FEATURE:1cxx_inheriting_constructors
    Feature record: CXX_FEATURE:1cxx_inline_namespaces
    Feature record: CXX_FEATURE:1cxx_lambdas
    Feature record: CXX_FEATURE:1cxx_lambda_init_captures
    Feature record: CXX_FEATURE:1cxx_local_type_template_args
    Feature record: CXX_FEATURE:1cxx_long_long_type
    Feature record: CXX_FEATURE:1cxx_noexcept
    Feature record: CXX_FEATURE:1cxx_nonstatic_member_init
    Feature record: CXX_FEATURE:1cxx_nullptr
    Feature record: CXX_FEATURE:1cxx_override
    Feature record: CXX_FEATURE:1cxx_range_for
    Feature record: CXX_FEATURE:1cxx_raw_string_literals
    Feature record: CXX_FEATURE:1cxx_reference_qualified_functions
    Feature record: CXX_FEATURE:1cxx_relaxed_constexpr
    Feature record: CXX_FEATURE:1cxx_return_type_deduction
    Feature record: CXX_FEATURE:1cxx_right_angle_brackets
    Feature record: CXX_FEATURE:1cxx_rvalue_references
    Feature record: CXX_FEATURE:1cxx_sizeof_member
    Feature record: CXX_FEATURE:1cxx_static_assert
    Feature record: CXX_FEATURE:1cxx_strong_enums
    Feature record: CXX_FEATURE:1cxx_template_template_parameters
    Feature record: CXX_FEATURE:1cxx_thread_local
    Feature record: CXX_FEATURE:1cxx_trailing_return_types
    Feature record: CXX_FEATURE:1cxx_unicode_literals
    Feature record: CXX_FEATURE:1cxx_uniform_initialization
    Feature record: CXX_FEATURE:1cxx_unrestricted_unions
    Feature record: CXX_FEATURE:1cxx_user_literals
    Feature record: CXX_FEATURE:1cxx_variable_templates
    Feature record: CXX_FEATURE:1cxx_variadic_macros
    Feature record: CXX_FEATURE:1cxx_variadic_templates


Detecting CXX [-std=c++11] compiler features compiled with the following output:
Change Dir: c:/Users/93462/Desktop/workspace/C++/ntestOne/build/CMakeFiles/CMakeTmp

Run Build Command:"D:/mingw64/bin/mingw32-make.exe" "cmTC_2d1b7/fast"
D:/mingw64/bin/mingw32-make.exe -f CMakeFiles\cmTC_2d1b7.dir\build.make CMakeFiles/cmTC_2d1b7.dir/build
mingw32-make.exe[1]: Entering directory 'c:/Users/93462/Desktop/workspace/C++/ntestOne/build/CMakeFiles/CMakeTmp'
Building CXX object CMakeFiles/cmTC_2d1b7.dir/feature_tests.cxx.obj
cd /d C:\Users\93462\Desktop\workspace\C++\ntestOne\build\CMakeFiles\CMakeTmp && D:\mingw64\bin\g++.exe     -std=c++11 -o CMakeFiles\cmTC_2d1b7.dir\feature_tests.cxx.obj -c C:\Users\93462\Desktop\workspace\C++\ntestOne\build\CMakeFiles\feature_tests.cxx
Linking CXX executable cmTC_2d1b7.exe
cd /d C:\Users\93462\Desktop\workspace\C++\ntestOne\build\CMakeFiles\CMakeTmp && "D:\program files\CMake\bin\cmake.exe" -E cmake_link_script CMakeFiles\cmTC_2d1b7.dir\link.txt --verbose=1
"D:\program files\CMake\bin\cmake.exe" -E remove -f CMakeFiles\cmTC_2d1b7.dir/objects.a
D:\mingw64\bin\ar.exe cr CMakeFiles\cmTC_2d1b7.dir/objects.a @CMakeFiles\cmTC_2d1b7.dir\objects1.rsp
D:\mingw64\bin\g++.exe       -Wl,--whole-archive CMakeFiles\cmTC_2d1b7.dir/objects.a -Wl,--no-whole-archive  -o cmTC_2d1b7.exe -Wl,--out-implib,libcmTC_2d1b7.dll.a -Wl,--major-image-version,0,--minor-image-version,0 @CMakeFiles\cmTC_2d1b7.dir\linklibs.rsp
mingw32-make.exe[1]: Leaving directory 'c:/Users/93462/Desktop/workspace/C++/ntestOne/build/CMakeFiles/CMakeTmp'


    Feature record: CXX_FEATURE:0cxx_aggregate_default_initializers
    Feature record: CXX_FEATURE:1cxx_alias_templates
    Feature record: CXX_FEATURE:1cxx_alignas
    Feature record: CXX_FEATURE:1cxx_alignof
    Feature record: CXX_FEATURE:1cxx_attributes
    Feature record: CXX_FEATURE:0cxx_attribute_deprecated
    Feature record: CXX_FEATURE:1cxx_auto_type
    Feature record: CXX_FEATURE:0cxx_binary_literals
    Feature record: CXX_FEATURE:1cxx_constexpr
    Feature record: CXX_FEATURE:0cxx_contextual_conversions
    Feature record: CXX_FEATURE:1cxx_decltype
    Feature record: CXX_FEATURE:0cxx_decltype_auto
    Feature record: CXX_FEATURE:1cxx_decltype_incomplete_return_types
    Feature record: CXX_FEATURE:1cxx_default_function_template_args
    Feature record: CXX_FEATURE:1cxx_defaulted_functions
    Feature record: CXX_FEATURE:1cxx_defaulted_move_initializers
    Feature record: CXX_FEATURE:1cxx_delegating_constructors
    Feature record: CXX_FEATURE:1cxx_deleted_functions
    Feature record: CXX_FEATURE:0cxx_digit_separators
    Feature record: CXX_FEATURE:1cxx_enum_forward_declarations
    Feature record: CXX_FEATURE:1cxx_explicit_conversions
    Feature record: CXX_FEATURE:1cxx_extended_friend_declarations
    Feature record: CXX_FEATURE:1cxx_extern_templates
    Feature record: CXX_FEATURE:1cxx_final
    Feature record: CXX_FEATURE:1cxx_func_identifier
    Feature record: CXX_FEATURE:1cxx_generalized_initializers
    Feature record: CXX_FEATURE:0cxx_generic_lambdas
    Feature record: CXX_FEATURE:1cxx_inheriting_constructors
    Feature record: CXX_FEATURE:1cxx_inline_namespaces
    Feature record: CXX_FEATURE:1cxx_lambdas
    Feature record: CXX_FEATURE:0cxx_lambda_init_captures
    Feature record: CXX_FEATURE:1cxx_local_type_template_args
    Feature record: CXX_FEATURE:1cxx_long_long_type
    Feature record: CXX_FEATURE:1cxx_noexcept
    Feature record: CXX_FEATURE:1cxx_nonstatic_member_init
    Feature record: CXX_FEATURE:1cxx_nullptr
    Feature record: CXX_FEATURE:1cxx_override
    Feature record: CXX_FEATURE:1cxx_range_for
    Feature record: CXX_FEATURE:1cxx_raw_string_literals
    Feature record: CXX_FEATURE:1cxx_reference_qualified_functions
    Feature record: CXX_FEATURE:0cxx_relaxed_constexpr
    Feature record: CXX_FEATURE:0cxx_return_type_deduction
    Feature record: CXX_FEATURE:1cxx_right_angle_brackets
    Feature record: CXX_FEATURE:1cxx_rvalue_references
    Feature record: CXX_FEATURE:1cxx_sizeof_member
    Feature record: CXX_FEATURE:1cxx_static_assert
    Feature record: CXX_FEATURE:1cxx_strong_enums
    Feature record: CXX_FEATURE:1cxx_template_template_parameters
    Feature record: CXX_FEATURE:1cxx_thread_local
    Feature record: CXX_FEATURE:1cxx_trailing_return_types
    Feature record: CXX_FEATURE:1cxx_unicode_literals
    Feature record: CXX_FEATURE:1cxx_uniform_initialization
    Feature record: CXX_FEATURE:1cxx_unrestricted_unions
    Feature record: CXX_FEATURE:1cxx_user_literals
    Feature record: CXX_FEATURE:0cxx_variable_templates
    Feature record: CXX_FEATURE:1cxx_variadic_macros
    Feature record: CXX_FEATURE:1cxx_variadic_templates


Detecting CXX [-std=c++98] compiler features compiled with the following output:
Change Dir: c:/Users/93462/Desktop/workspace/C++/ntestOne/build/CMakeFiles/CMakeTmp

Run Build Command:"D:/mingw64/bin/mingw32-make.exe" "cmTC_42524/fast"
D:/mingw64/bin/mingw32-make.exe -f CMakeFiles\cmTC_42524.dir\build.make CMakeFiles/cmTC_42524.dir/build
mingw32-make.exe[1]: Entering directory 'c:/Users/93462/Desktop/workspace/C++/ntestOne/build/CMakeFiles/CMakeTmp'
Building CXX object CMakeFiles/cmTC_42524.dir/feature_tests.cxx.obj
cd /d C:\Users\93462\Desktop\workspace\C++\ntestOne\build\CMakeFiles\CMakeTmp && D:\mingw64\bin\g++.exe     -std=c++98 -o CMakeFiles\cmTC_42524.dir\feature_tests.cxx.obj -c C:\Users\93462\Desktop\workspace\C++\ntestOne\build\CMakeFiles\feature_tests.cxx
Linking CXX executable cmTC_42524.exe
cd /d C:\Users\93462\Desktop\workspace\C++\ntestOne\build\CMakeFiles\CMakeTmp && "D:\program files\CMake\bin\cmake.exe" -E cmake_link_script CMakeFiles\cmTC_42524.dir\link.txt --verbose=1
"D:\program files\CMake\bin\cmake.exe" -E remove -f CMakeFiles\cmTC_42524.dir/objects.a
D:\mingw64\bin\ar.exe cr CMakeFiles\cmTC_42524.dir/objects.a @CMakeFiles\cmTC_42524.dir\objects1.rsp
D:\mingw64\bin\g++.exe       -Wl,--whole-archive CMakeFiles\cmTC_42524.dir/objects.a -Wl,--no-whole-archive  -o cmTC_42524.exe -Wl,--out-implib,libcmTC_42524.dll.a -Wl,--major-image-version,0,--minor-image-version,0 @CMakeFiles\cmTC_42524.dir\linklibs.rsp
mingw32-make.exe[1]: Leaving directory 'c:/Users/93462/Desktop/workspace/C++/ntestOne/build/CMakeFiles/CMakeTmp'


    Feature record: CXX_FEATURE:0cxx_aggregate_default_initializers
    Feature record: CXX_FEATURE:0cxx_alias_templates
    Feature record: CXX_FEATURE:0cxx_alignas
    Feature record: CXX_FEATURE:0cxx_alignof
    Feature record: CXX_FEATURE:0cxx_attributes
    Feature record: CXX_FEATURE:0cxx_attribute_deprecated
    Feature record: CXX_FEATURE:0cxx_auto_type
    Feature record: CXX_FEATURE:0cxx_binary_literals
    Feature record: CXX_FEATURE:0cxx_constexpr
    Feature record: CXX_FEATURE:0cxx_contextual_conversions
    Feature record: CXX_FEATURE:0cxx_decltype
    Feature record: CXX_FEATURE:0cxx_decltype_auto
    Feature record: CXX_FEATURE:0cxx_decltype_incomplete_return_types
    Feature record: CXX_FEATURE:0cxx_default_function_template_args
    Feature record: CXX_FEATURE:0cxx_defaulted_functions
    Feature record: CXX_FEATURE:0cxx_defaulted_move_initializers
    Feature record: CXX_FEATURE:0cxx_delegating_constructors
    Feature record: CXX_FEATURE:0cxx_deleted_functions
    Feature record: CXX_FEATURE:0cxx_digit_separators
    Feature record: CXX_FEATURE:0cxx_enum_forward_declarations
    Feature record: CXX_FEATURE:0cxx_explicit_conversions
    Feature record: CXX_FEATURE:0cxx_extended_friend_declarations
    Feature record: CXX_FEATURE:0cxx_extern_templates
    Feature record: CXX_FEATURE:0cxx_final
    Feature record: CXX_FEATURE:0cxx_func_identifier
    Feature record: CXX_FEATURE:0cxx_generalized_initializers
    Feature record: CXX_FEATURE:0cxx_generic_lambdas
    Feature record: CXX_FEATURE:0cxx_inheriting_constructors
    Feature record: CXX_FEATURE:0cxx_inline_namespaces
    Feature record: CXX_FEATURE:0cxx_lambdas
    Feature record: CXX_FEATURE:0cxx_lambda_init_captures
    Feature record: CXX_FEATURE:0cxx_local_type_template_args
    Feature record: CXX_FEATURE:0cxx_long_long_type
    Feature record: CXX_FEATURE:0cxx_noexcept
    Feature record: CXX_FEATURE:0cxx_nonstatic_member_init
    Feature record: CXX_FEATURE:0cxx_nullptr
    Feature record: CXX_FEATURE:0cxx_override
    Feature record: CXX_FEATURE:0cxx_range_for
    Feature record: CXX_FEATURE:0cxx_raw_string_literals
    Feature record: CXX_FEATURE:0cxx_reference_qualified_functions
    Feature record: CXX_FEATURE:0cxx_relaxed_constexpr
    Feature record: CXX_FEATURE:0cxx_return_type_deduction
    Feature record: CXX_FEATURE:0cxx_right_angle_brackets
    Feature record: CXX_FEATURE:0cxx_rvalue_references
    Feature record: CXX_FEATURE:0cxx_sizeof_member
    Feature record: CXX_FEATURE:0cxx_static_assert
    Feature record: CXX_FEATURE:0cxx_strong_enums
    Feature record: CXX_FEATURE:1cxx_template_template_parameters
    Feature record: CXX_FEATURE:0cxx_thread_local
    Feature record: CXX_FEATURE:0cxx_trailing_return_types
    Feature record: CXX_FEATURE:0cxx_unicode_literals
    Feature record: CXX_FEATURE:0cxx_uniform_initialization
    Feature record: CXX_FEATURE:0cxx_unrestricted_unions
    Feature record: CXX_FEATURE:0cxx_user_literals
    Feature record: CXX_FEATURE:0cxx_variable_templates
    Feature record: CXX_FEATURE:0cxx_variadic_macros
    Feature record: CXX_FEATURE:0cxx_variadic_templates
